<?xml version="1.0" encoding="UTF-8"?>
<!-- Generated by org.testng.reporters.JUnitReportReporter -->
<testsuite hostname="Moritz-RazerBlade" failures="0" tests="6" name="formsTesting.SquareTest" time="0.013" errors="0" timestamp="2024-01-16T10:32:20 MEZ" skipped="0">
  <testcase classname="formsTesting.SquareTest" name="test1CalculateCircumference" time="0.001"/>
  <system-out/>
  <testcase classname="formsTesting.SquareTest" name="test2CalculateCircumference" time="0.001"/>
  <system-out/>
  <testcase classname="formsTesting.SquareTest" name="test3CalculateArea" time="0.001"/>
  <system-out/>
  <testcase classname="formsTesting.SquareTest" name="test1CalculateArea" time="0.008"/>
  <system-out/>
  <testcase classname="formsTesting.SquareTest" name="test2CalculateArea" time="0.001"/>
  <system-out/>
  <testcase classname="formsTesting.SquareTest" name="test3CalculateCircumference" time="0.001"/>
  <system-out/>
</testsuite> <!-- formsTesting.SquareTest -->
