<?xml version="1.0" encoding="UTF-8"?>
<!-- Generated by org.testng.reporters.JUnitReportReporter -->
<testsuite hostname="Moritz-RazerBlade" failures="0" tests="6" name="Test.MyMathTest" time="0.018" errors="0" timestamp="2023-12-11T13:30:53 MEZ" skipped="0">
  <testcase classname="Test.MyMathTest" name="testDoubleDivision" time="0.001"/>
  <system-out/>
  <testcase classname="Test.MyMathTest" name="testSubtraction" time="0.001"/>
  <system-out/>
  <testcase classname="Test.MyMathTest" name="testComparisson" time="0.001"/>
  <system-out/>
  <testcase classname="Test.MyMathTest" name="testDivision" time="0.000"/>
  <system-out/>
  <testcase classname="Test.MyMathTest" name="testMultiplication" time="0.002"/>
  <system-out/>
  <testcase classname="Test.MyMathTest" name="testAddition" time="0.013"/>
  <system-out/>
</testsuite> <!-- Test.MyMathTest -->
