<?xml version="1.0" encoding="UTF-8"?>
<!-- Generated by org.testng.reporters.JUnitReportReporter -->
<testsuite hostname="Moritz-RazerBlade" failures="0" tests="6" name="formsTesting.TriangleTest" time="0.015" errors="0" timestamp="2024-01-30T10:30:54 MEZ" skipped="0">
  <testcase classname="formsTesting.TriangleTest" name="test2CalculateCircumference" time="0.001"/>
  <system-out/>
  <testcase classname="formsTesting.TriangleTest" name="test1CalculateCircumference" time="0.000"/>
  <system-out/>
  <testcase classname="formsTesting.TriangleTest" name="test3CalculateArea" time="0.000"/>
  <system-out/>
  <testcase classname="formsTesting.TriangleTest" name="test3CalculateCircumference" time="0.000"/>
  <system-out/>
  <testcase classname="formsTesting.TriangleTest" name="test1CalculateArea" time="0.013"/>
  <system-out/>
  <testcase classname="formsTesting.TriangleTest" name="test2CalculateArea" time="0.001"/>
  <system-out/>
</testsuite> <!-- formsTesting.TriangleTest -->
