<?xml version="1.0" encoding="UTF-8"?>
<!-- Generated by org.testng.reporters.JUnitReportReporter -->
<testsuite hostname="Moritz-RazerBlade" failures="0" tests="6" name="formsTesting.CircleTest" time="0.028" errors="0" timestamp="2024-01-16T10:03:47 MEZ" skipped="0">
  <testcase classname="formsTesting.CircleTest" name="test1CalculateCircumference" time="0.002"/>
  <system-out/>
  <testcase classname="formsTesting.CircleTest" name="test2CalculateCircumference" time="0.003"/>
  <system-out/>
  <testcase classname="formsTesting.CircleTest" name="test3CalculateArea" time="0.001"/>
  <system-out/>
  <testcase classname="formsTesting.CircleTest" name="test1CalculateArea" time="0.018"/>
  <system-out/>
  <testcase classname="formsTesting.CircleTest" name="test2CalculateArea" time="0.002"/>
  <system-out/>
  <testcase classname="formsTesting.CircleTest" name="test3CalculateCircumference" time="0.002"/>
  <system-out/>
</testsuite> <!-- formsTesting.CircleTest -->
