<?xml version="1.0" encoding="UTF-8"?>
<!-- Generated by org.testng.reporters.JUnitReportReporter -->
<testsuite hostname="Moritz-RazerBlade" failures="0" tests="2" name="formsTesting.SquareTest" time="0.009" errors="0" timestamp="2024-01-15T13:24:15 MEZ" skipped="0">
  <testcase classname="formsTesting.SquareTest" name="testCalculateArea" time="0.009"/>
  <system-out/>
  <testcase classname="formsTesting.SquareTest" name="testCalculateCircumference" time="0.000"/>
  <system-out/>
</testsuite> <!-- formsTesting.SquareTest -->
