<?xml version="1.0" encoding="UTF-8"?>
<!-- Generated by org.testng.reporters.JUnitReportReporter -->
<testsuite hostname="Moritz-RazerBlade" failures="0" tests="8" name="formsTesting.GroupTest" time="0.015" errors="0" timestamp="2024-01-16T11:28:37 MEZ" skipped="0">
  <testcase classname="formsTesting.GroupTest" name="test3CalculateArea" time="0.001"/>
  <system-out/>
  <testcase classname="formsTesting.GroupTest" name="testCalculateCircumference" time="0.002"/>
  <system-out/>
  <testcase classname="formsTesting.GroupTest" name="test1CalculateCircumference" time="0.001"/>
  <system-out/>
  <testcase classname="formsTesting.GroupTest" name="testFindBiggestForm" time="0.001"/>
  <system-out/>
  <testcase classname="formsTesting.GroupTest" name="test2CalculateCircumference" time="0.001"/>
  <system-out/>
  <testcase classname="formsTesting.GroupTest" name="test1CalculateArea" time="0.008"/>
  <system-out/>
  <testcase classname="formsTesting.GroupTest" name="test3CalculateCircumference" time="0.000"/>
  <system-out/>
  <testcase classname="formsTesting.GroupTest" name="test2CalculateArea" time="0.001"/>
  <system-out/>
</testsuite> <!-- formsTesting.GroupTest -->
