<?xml version="1.0" encoding="UTF-8"?>
<!-- Generated by org.testng.reporters.JUnitReportReporter -->
<testsuite hostname="Moritz-RazerBlade" failures="0" tests="2" name="formsTesting.RectangleTest" time="0.008" errors="0" timestamp="2024-01-15T13:13:17 MEZ" skipped="0">
  <testcase classname="formsTesting.RectangleTest" name="testCalculateArea" time="0.008"/>
  <system-out/>
  <testcase classname="formsTesting.RectangleTest" name="testCalculateCircumference" time="0.000"/>
  <system-out/>
</testsuite> <!-- formsTesting.RectangleTest -->
