<?xml version="1.0" encoding="UTF-8"?>
<!-- Generated by org.testng.reporters.JUnitReportReporter -->
<testsuite hostname="Moritz-RazerBlade" failures="0" tests="6" name="formsTesting.RectangleTest" time="0.011" errors="0" timestamp="2024-01-16T10:22:38 MEZ" skipped="0">
  <testcase classname="formsTesting.RectangleTest" name="test1CalculateCircumference" time="0.001"/>
  <system-out/>
  <testcase classname="formsTesting.RectangleTest" name="test2CalculateCircumference" time="0.000"/>
  <system-out/>
  <testcase classname="formsTesting.RectangleTest" name="test3CalculateArea" time="0.000"/>
  <system-out/>
  <testcase classname="formsTesting.RectangleTest" name="test1CalculateArea" time="0.009"/>
  <system-out/>
  <testcase classname="formsTesting.RectangleTest" name="test2CalculateArea" time="0.001"/>
  <system-out/>
  <testcase classname="formsTesting.RectangleTest" name="test3CalculateCircumference" time="0.000"/>
  <system-out/>
</testsuite> <!-- formsTesting.RectangleTest -->
